<?xml version="1.0" encoding="UTF-8"?>
<testsuite xmlns:xsi="http://www.w3.org/2001/XMLSchema-instance" xsi:noNamespaceSchemaLocation="https://maven.apache.org/surefire/maven-surefire-plugin/xsd/surefire-test-report-3.0.xsd" version="3.0" name="com.exemplo.UrnaTest" time="0.172" tests="7" errors="0" skipped="0" failures="0">
  <properties>
    <property name="java.specification.version" value="21"/>
    <property name="sun.cpu.isalist" value="amd64"/>
    <property name="sun.jnu.encoding" value="Cp1252"/>
    <property name="java.class.path" value="C:\Users\acaav\Documents\Urnas\Urna-Eletronica---Engenharia-de-Software-II\UrnaEletronica\meu-projeto\target\test-classes;C:\Users\acaav\Documents\Urnas\Urna-Eletronica---Engenharia-de-Software-II\UrnaEletronica\meu-projeto\target\classes;C:\Users\acaav\.m2\repository\junit\junit\3.8.1\junit-3.8.1.jar;C:\Users\acaav\.m2\repository\com\fasterxml\jackson\core\jackson-databind\2.17.1\jackson-databind-2.17.1.jar;C:\Users\acaav\.m2\repository\com\fasterxml\jackson\core\jackson-annotations\2.17.1\jackson-annotations-2.17.1.jar;C:\Users\acaav\.m2\repository\com\fasterxml\jackson\core\jackson-core\2.17.1\jackson-core-2.17.1.jar;C:\Users\acaav\.m2\repository\org\junit\jupiter\junit-jupiter\5.10.3\junit-jupiter-5.10.3.jar;C:\Users\acaav\.m2\repository\org\junit\jupiter\junit-jupiter-api\5.10.3\junit-jupiter-api-5.10.3.jar;C:\Users\acaav\.m2\repository\org\opentest4j\opentest4j\1.3.0\opentest4j-1.3.0.jar;C:\Users\acaav\.m2\repository\org\junit\platform\junit-platform-commons\1.10.3\junit-platform-commons-1.10.3.jar;C:\Users\acaav\.m2\repository\org\apiguardian\apiguardian-api\1.1.2\apiguardian-api-1.1.2.jar;C:\Users\acaav\.m2\repository\org\junit\jupiter\junit-jupiter-params\5.10.3\junit-jupiter-params-5.10.3.jar;C:\Users\acaav\.m2\repository\org\junit\jupiter\junit-jupiter-engine\5.10.3\junit-jupiter-engine-5.10.3.jar;C:\Users\acaav\.m2\repository\org\junit\platform\junit-platform-engine\1.10.3\junit-platform-engine-1.10.3.jar;"/>
    <property name="java.vm.vendor" value="Oracle Corporation"/>
    <property name="sun.arch.data.model" value="64"/>
    <property name="user.variant" value=""/>
    <property name="java.vendor.url" value="https://java.oracle.com/"/>
    <property name="user.timezone" value="America/Sao_Paulo"/>
    <property name="user.country.format" value="US"/>
    <property name="os.name" value="Windows 11"/>
    <property name="java.vm.specification.version" value="21"/>
    <property name="sun.java.launcher" value="SUN_STANDARD"/>
    <property name="user.country" value="BR"/>
    <property name="sun.boot.library.path" value="C:\Program Files\Java\jdk-21\bin"/>
    <property name="sun.java.command" value="C:\Users\acaav\AppData\Local\Temp\surefire12738045489300018785\surefirebooter-20250327223409204_3.jar C:\Users\acaav\AppData\Local\Temp\surefire12738045489300018785 2025-03-27T22-34-08_906-jvmRun1 surefire-20250327223409204_1tmp surefire_0-20250327223409204_2tmp"/>
    <property name="jdk.debug" value="release"/>
    <property name="surefire.test.class.path" value="C:\Users\acaav\Documents\Urnas\Urna-Eletronica---Engenharia-de-Software-II\UrnaEletronica\meu-projeto\target\test-classes;C:\Users\acaav\Documents\Urnas\Urna-Eletronica---Engenharia-de-Software-II\UrnaEletronica\meu-projeto\target\classes;C:\Users\acaav\.m2\repository\junit\junit\3.8.1\junit-3.8.1.jar;C:\Users\acaav\.m2\repository\com\fasterxml\jackson\core\jackson-databind\2.17.1\jackson-databind-2.17.1.jar;C:\Users\acaav\.m2\repository\com\fasterxml\jackson\core\jackson-annotations\2.17.1\jackson-annotations-2.17.1.jar;C:\Users\acaav\.m2\repository\com\fasterxml\jackson\core\jackson-core\2.17.1\jackson-core-2.17.1.jar;C:\Users\acaav\.m2\repository\org\junit\jupiter\junit-jupiter\5.10.3\junit-jupiter-5.10.3.jar;C:\Users\acaav\.m2\repository\org\junit\jupiter\junit-jupiter-api\5.10.3\junit-jupiter-api-5.10.3.jar;C:\Users\acaav\.m2\repository\org\opentest4j\opentest4j\1.3.0\opentest4j-1.3.0.jar;C:\Users\acaav\.m2\repository\org\junit\platform\junit-platform-commons\1.10.3\junit-platform-commons-1.10.3.jar;C:\Users\acaav\.m2\repository\org\apiguardian\apiguardian-api\1.1.2\apiguardian-api-1.1.2.jar;C:\Users\acaav\.m2\repository\org\junit\jupiter\junit-jupiter-params\5.10.3\junit-jupiter-params-5.10.3.jar;C:\Users\acaav\.m2\repository\org\junit\jupiter\junit-jupiter-engine\5.10.3\junit-jupiter-engine-5.10.3.jar;C:\Users\acaav\.m2\repository\org\junit\platform\junit-platform-engine\1.10.3\junit-platform-engine-1.10.3.jar;"/>
    <property name="sun.cpu.endian" value="little"/>
    <property name="user.home" value="C:\Users\acaav"/>
    <property name="user.language" value="pt"/>
    <property name="java.specification.vendor" value="Oracle Corporation"/>
    <property name="java.version.date" value="2024-10-15"/>
    <property name="java.home" value="C:\Program Files\Java\jdk-21"/>
    <property name="file.separator" value="\"/>
    <property name="basedir" value="C:\Users\acaav\Documents\Urnas\Urna-Eletronica---Engenharia-de-Software-II\UrnaEletronica\meu-projeto"/>
    <property name="java.vm.compressedOopsMode" value="Zero based"/>
    <property name="line.separator" value="&#10;"/>
    <property name="java.vm.specification.vendor" value="Oracle Corporation"/>
    <property name="java.specification.name" value="Java Platform API Specification"/>
    <property name="surefire.real.class.path" value="C:\Users\acaav\AppData\Local\Temp\surefire12738045489300018785\surefirebooter-20250327223409204_3.jar"/>
    <property name="user.script" value=""/>
    <property name="sun.management.compiler" value="HotSpot 64-Bit Tiered Compilers"/>
    <property name="java.runtime.version" value="21.0.5+9-LTS-239"/>
    <property name="user.name" value="acaav"/>
    <property name="stdout.encoding" value="Cp1252"/>
    <property name="path.separator" value=";"/>
    <property name="os.version" value="10.0"/>
    <property name="java.runtime.name" value="Java(TM) SE Runtime Environment"/>
    <property name="file.encoding" value="UTF-8"/>
    <property name="java.vm.name" value="Java HotSpot(TM) 64-Bit Server VM"/>
    <property name="localRepository" value="C:\Users\acaav\.m2\repository"/>
    <property name="java.vendor.url.bug" value="https://bugreport.java.com/bugreport/"/>
    <property name="java.io.tmpdir" value="C:\Users\acaav\AppData\Local\Temp\"/>
    <property name="java.version" value="21.0.5"/>
    <property name="user.dir" value="C:\Users\acaav\Documents\Urnas\Urna-Eletronica---Engenharia-de-Software-II\UrnaEletronica\meu-projeto"/>
    <property name="os.arch" value="amd64"/>
    <property name="java.vm.specification.name" value="Java Virtual Machine Specification"/>
    <property name="user.language.format" value="en"/>
    <property name="sun.os.patch.level" value=""/>
    <property name="native.encoding" value="Cp1252"/>
    <property name="java.library.path" value="C:\Program Files\Java\jdk-21\bin;C:\WINDOWS\Sun\Java\bin;C:\WINDOWS\system32;C:\WINDOWS;C:\app\acaav\product\21c\dbhomeXE\bin;C:\Program Files\Common Files\Oracle\Java\javapath;C:\WINDOWS\system32;C:\WINDOWS;C:\WINDOWS\System32\Wbem;C:\WINDOWS\System32\WindowsPowerShell\v1.0\;C:\WINDOWS\System32\OpenSSH\;C:\Program Files\Java\jdk-21\bin;C:\Program Files\NVIDIA Corporation\NVIDIA app\NvDLISR;C:\Program Files (x86)\NVIDIA Corporation\PhysX\Common;C:\Program Files\nodejs\;C:\Program Files\Git\cmd;C:\apache-maven-3.9.9-bin\apache-maven-3.9.9\bin;%JAVA_HOME%\bin;C:\Users\acaav\AppData\Local\Microsoft\WindowsApps;C:\Users\acaav\AppData\Local\Programs\Microsoft VS Code\bin;C:\Program Files\Java\jdk-21\bin;C:\Users\acaav\AppData\Roaming\npm;C:\Users\acaav\AppData\Local\GitHubDesktop\bin;."/>
    <property name="java.vm.info" value="mixed mode, sharing"/>
    <property name="stderr.encoding" value="Cp1252"/>
    <property name="java.vendor" value="Oracle Corporation"/>
    <property name="java.vm.version" value="21.0.5+9-LTS-239"/>
    <property name="sun.io.unicode.encoding" value="UnicodeLittle"/>
    <property name="java.class.version" value="65.0"/>
  </properties>
  <testcase name="testNovoVoto" classname="com.exemplo.UrnaTest" time="0.054"/>
  <testcase name="testInicializacaoCandidatos" classname="com.exemplo.UrnaTest" time="0.008">
    <system-out><![CDATA[
========================================
          LISTA DE CANDIDATOS           
========================================
Felipe Vaz - Número: 20
Cleber Coelho - Número: 5
Maria Dolores - Número: 10
José Diniz - Número: 15
]]></system-out>
  </testcase>
  <testcase name="testNaoPodeVotar" classname="com.exemplo.UrnaTest" time="0.003"/>
  <testcase name="testVotoNulo" classname="com.exemplo.UrnaTest" time="0.02">
    <system-out><![CDATA[Número inválido! Seu voto será considerado NULO.
Confirmar voto? (S/N): Voto nulo confirmado.

========================================
          RESULTADO DA ELEIÇÃO          
========================================

Felipe Vaz (20): 0 votos (NaN%)
Cleber Coelho (5): 0 votos (NaN%)
Maria Dolores (10): 0 votos (NaN%)
José Diniz (15): 0 votos (NaN%)

Votos nulos: 1
Votos brancos: 0

Houve um empate entre: Felipe Vaz, Cleber Coelho, Maria Dolores, José Diniz com 0 votos cada.
]]></system-out>
  </testcase>
  <testcase name="testVotoAdicionaEleitor" classname="com.exemplo.UrnaTest" time="0.005"/>
  <testcase name="testVotoBranco" classname="com.exemplo.UrnaTest" time="0.005">
    <system-out><![CDATA[Você votou em BRANCO.
Confirmar voto? (S/N): Voto em branco confirmado.

========================================
          RESULTADO DA ELEIÇÃO          
========================================

Felipe Vaz (20): 0 votos (NaN%)
Cleber Coelho (5): 0 votos (NaN%)
Maria Dolores (10): 0 votos (NaN%)
José Diniz (15): 0 votos (NaN%)

Votos nulos: 1
Votos brancos: 1

Houve um empate entre: Felipe Vaz, Cleber Coelho, Maria Dolores, José Diniz com 0 votos cada.
]]></system-out>
  </testcase>
  <testcase name="testVotoValido" classname="com.exemplo.UrnaTest" time="0.007">
    <system-out><![CDATA[Você votou em: Cleber Coelho (5)
Confirmar voto? (S/N): Voto confirmado para: Cleber Coelho

========================================
          RESULTADO DA ELEIÇÃO          
========================================

Felipe Vaz (20): 0 votos (0.00%)
Cleber Coelho (5): 1 votos (100.00%)
Maria Dolores (10): 0 votos (0.00%)
José Diniz (15): 0 votos (0.00%)

Votos nulos: 1
Votos brancos: 1

 => Vencedor: Cleber Coelho com 1 votos!
]]></system-out>
  </testcase>
</testsuite>